<?xml version="1.0" encoding="UTF-8"?>
<!-- Generated by org.testng.reporters.JUnitReportReporter -->
<testsuite hostname="MONO-HYD-LAP-78" name="com.scrapPlant.functions.execution" tests="1" failures="0" timestamp="27 May 2019 11:17:44 GMT" time="671.568" errors="0">
  <testcase name="Execution" time="671.568" classname="com.scrapPlant.functions.execution"/>
</testsuite> <!-- com.scrapPlant.functions.execution -->
